# JRE version: Java(TM) SE Runtime Environment (8.0_141-b15) (build 1.8.0_141-b15)
# Java VM: Java HotSpot(TM) 64-Bit Server VM (25.141-b15 mixed mode windows-amd64 compressed oops)
Heap:
 PSYoungGen      total 73728K, used 13749K [0x00000000e0000000, 0x00000000e7100000, 0x0000000100000000)
  eden space 67584K, 11% used [0x00000000e0000000,0x00000000e07ce910,0x00000000e4200000)
  from space 6144K, 93% used [0x00000000e6b00000,0x00000000e709ec68,0x00000000e7100000)
  to   space 10752K, 0% used [0x00000000e5c00000,0x00000000e5c00000,0x00000000e6680000)
 ParOldGen       total 56320K, used 10625K [0x00000000a0000000, 0x00000000a3700000, 0x00000000e0000000)
  object space 56320K, 18% used [0x00000000a0000000,0x00000000a0a607a8,0x00000000a3700000)
 Metaspace       used 26277K, capacity 26730K, committed 26880K, reserved 1073152K
  class space    used 3677K, capacity 3827K, committed 3840K, reserved 1048576K
GC Heap History (10 events):
Event: 3.354 GC heap before
{Heap before GC invocations=3 (full 0):
 PSYoungGen      total 28672K, used 27426K [0x00000000e0000000, 0x00000000e3800000, 0x0000000100000000)
  eden space 24576K, 100% used [0x00000000e0000000,0x00000000e1800000,0x00000000e1800000)
  from space 4096K, 69% used [0x00000000e1c00000,0x00000000e1ec8848,0x00000000e2000000)
  to   space 4096K, 0% used [0x00000000e1800000,0x00000000e1800000,0x00000000e1c00000)
 ParOldGen       total 65536K, used 16K [0x00000000a0000000, 0x00000000a4000000, 0x00000000e0000000)
  object space 65536K, 0% used [0x00000000a0000000,0x00000000a0004000,0x00000000a4000000)
 Metaspace       used 12400K, capacity 12754K, committed 12928K, reserved 1060864K
  class space    used 1702K, capacity 1833K, committed 1920K, reserved 1048576K
Event: 3.371 GC heap after
Heap after GC invocations=3 (full 0):
 PSYoungGen      total 28672K, used 4080K [0x00000000e0000000, 0x00000000e3800000, 0x0000000100000000)
  eden space 24576K, 0% used [0x00000000e0000000,0x00000000e0000000,0x00000000e1800000)
  from space 4096K, 99% used [0x00000000e1800000,0x00000000e1bfc030,0x00000000e1c00000)
  to   space 4096K, 0% used [0x00000000e3400000,0x00000000e3400000,0x00000000e3800000)
 ParOldGen       total 65536K, used 1683K [0x00000000a0000000, 0x00000000a4000000, 0x00000000e0000000)
  object space 65536K, 2% used [0x00000000a0000000,0x00000000a01a4db8,0x00000000a4000000)
 Metaspace       used 12400K, capacity 12754K, committed 12928K, reserved 1060864K
  class space    used 1702K, capacity 1833K, committed 1920K, reserved 1048576K
}
Event: 3.993 GC heap before
{Heap before GC invocations=4 (full 0):
 PSYoungGen      total 28672K, used 28656K [0x00000000e0000000, 0x00000000e3800000, 0x0000000100000000)
  eden space 24576K, 100% used [0x00000000e0000000,0x00000000e1800000,0x00000000e1800000)
  from space 4096K, 99% used [0x00000000e1800000,0x00000000e1bfc030,0x00000000e1c00000)
  to   space 4096K, 0% used [0x00000000e3400000,0x00000000e3400000,0x00000000e3800000)
 ParOldGen       total 65536K, used 1683K [0x00000000a0000000, 0x00000000a4000000, 0x00000000e0000000)
  object space 65536K, 2% used [0x00000000a0000000,0x00000000a01a4db8,0x00000000a4000000)
 Metaspace       used 14398K, capacity 14710K, committed 14848K, reserved 1062912K
  class space    used 2058K, capacity 2187K, committed 2304K, reserved 1048576K
Event: 4.011 GC heap after
Heap after GC invocations=4 (full 0):
 PSYoungGen      total 53248K, used 4080K [0x00000000e0000000, 0x00000000e3800000, 0x0000000100000000)
  eden space 49152K, 0% used [0x00000000e0000000,0x00000000e0000000,0x00000000e3000000)
  from space 4096K, 99% used [0x00000000e3400000,0x00000000e37fc010,0x00000000e3800000)
  to   space 4096K, 0% used [0x00000000e3000000,0x00000000e3000000,0x00000000e3400000)
 ParOldGen       total 65536K, used 4018K [0x00000000a0000000, 0x00000000a4000000, 0x00000000e0000000)
  object space 65536K, 6% used [0x00000000a0000000,0x00000000a03ecb88,0x00000000a4000000)
 Metaspace       used 14398K, capacity 14710K, committed 14848K, reserved 1062912K
  class space    used 2058K, capacity 2187K, committed 2304K, reserved 1048576K
}
Event: 6.160 GC heap before
{Heap before GC invocations=5 (full 0):
 PSYoungGen      total 53248K, used 51672K [0x00000000e0000000, 0x00000000e3800000, 0x0000000100000000)
  eden space 49152K, 96% used [0x00000000e0000000,0x00000000e2e7a270,0x00000000e3000000)
  from space 4096K, 99% used [0x00000000e3400000,0x00000000e37fc010,0x00000000e3800000)
  to   space 4096K, 0% used [0x00000000e3000000,0x00000000e3000000,0x00000000e3400000)
 ParOldGen       total 65536K, used 4018K [0x00000000a0000000, 0x00000000a4000000, 0x00000000e0000000)
  object space 65536K, 6% used [0x00000000a0000000,0x00000000a03ecb88,0x00000000a4000000)
 Metaspace       used 20777K, capacity 21168K, committed 21296K, reserved 1067008K
  class space    used 2966K, capacity 3134K, committed 3200K, reserved 1048576K
Event: 6.187 GC heap after
Heap after GC invocations=5 (full 0):
 PSYoungGen      total 53248K, used 4064K [0x00000000e0000000, 0x00000000e7600000, 0x0000000100000000)
  eden space 49152K, 0% used [0x00000000e0000000,0x00000000e0000000,0x00000000e3000000)
  from space 4096K, 99% used [0x00000000e3000000,0x00000000e33f8050,0x00000000e3400000)
  to   space 11264K, 0% used [0x00000000e6b00000,0x00000000e6b00000,0x00000000e7600000)
 ParOldGen       total 65536K, used 10650K [0x00000000a0000000, 0x00000000a4000000, 0x00000000e0000000)
  object space 65536K, 16% used [0x00000000a0000000,0x00000000a0a66a48,0x00000000a4000000)
 Metaspace       used 20777K, capacity 21168K, committed 21296K, reserved 1067008K
  class space    used 2966K, capacity 3134K, committed 3200K, reserved 1048576K
}
Event: 6.187 GC heap before
{Heap before GC invocations=6 (full 1):
 PSYoungGen      total 53248K, used 4064K [0x00000000e0000000, 0x00000000e7600000, 0x0000000100000000)
  eden space 49152K, 0% used [0x00000000e0000000,0x00000000e0000000,0x00000000e3000000)
  from space 4096K, 99% used [0x00000000e3000000,0x00000000e33f8050,0x00000000e3400000)
  to   space 11264K, 0% used [0x00000000e6b00000,0x00000000e6b00000,0x00000000e7600000)
 ParOldGen       total 65536K, used 10650K [0x00000000a0000000, 0x00000000a4000000, 0x00000000e0000000)
  object space 65536K, 16% used [0x00000000a0000000,0x00000000a0a66a48,0x00000000a4000000)
 Metaspace       used 20777K, capacity 21168K, committed 21296K, reserved 1067008K
  class space    used 2966K, capacity 3134K, committed 3200K, reserved 1048576K
Event: 6.321 GC heap after
Heap after GC invocations=6 (full 1):
 PSYoungGen      total 53248K, used 0K [0x00000000e0000000, 0x00000000e7600000, 0x0000000100000000)
  eden space 49152K, 0% used [0x00000000e0000000,0x00000000e0000000,0x00000000e3000000)
  from space 4096K, 0% used [0x00000000e3000000,0x00000000e3000000,0x00000000e3400000)
  to   space 11264K, 0% used [0x00000000e6b00000,0x00000000e6b00000,0x00000000e7600000)
 ParOldGen       total 56320K, used 10617K [0x00000000a0000000, 0x00000000a3700000, 0x00000000e0000000)
  object space 56320K, 18% used [0x00000000a0000000,0x00000000a0a5e7a8,0x00000000a3700000)
 Metaspace       used 20777K, capacity 21168K, committed 21296K, reserved 1067008K
  class space    used 2966K, capacity 3134K, committed 3200K, reserved 1048576K
}
Event: 8.484 GC heap before
{Heap before GC invocations=7 (full 1):
 PSYoungGen      total 53248K, used 49152K [0x00000000e0000000, 0x00000000e7600000, 0x0000000100000000)
  eden space 49152K, 100% used [0x00000000e0000000,0x00000000e3000000,0x00000000e3000000)
  from space 4096K, 0% used [0x00000000e3000000,0x00000000e3000000,0x00000000e3400000)
  to   space 11264K, 0% used [0x00000000e6b00000,0x00000000e6b00000,0x00000000e7600000)
 ParOldGen       total 56320K, used 10617K [0x00000000a0000000, 0x00000000a3700000, 0x00000000e0000000)
  object space 56320K, 18% used [0x00000000a0000000,0x00000000a0a5e7a8,0x00000000a3700000)
 Metaspace       used 25843K, capacity 26316K, committed 26624K, reserved 1073152K
  class space    used 3618K, capacity 3753K, committed 3840K, reserved 1048576K
Event: 8.492 GC heap after
Heap after GC invocations=7 (full 1):
 PSYoungGen      total 73728K, used 5755K [0x00000000e0000000, 0x00000000e7100000, 0x0000000100000000)
  eden space 67584K, 0% used [0x00000000e0000000,0x00000000e0000000,0x00000000e4200000)
  from space 6144K, 93% used [0x00000000e6b00000,0x00000000e709ec68,0x00000000e7100000)
  to   space 10752K, 0% used [0x00000000e5c00000,0x00000000e5c00000,0x00000000e6680000)
 ParOldGen       total 56320K, used 10625K [0x00000000a0000000, 0x00000000a3700000, 0x00000000e0000000)
  object space 56320K, 18% used [0x00000000a0000000,0x00000000a0a607a8,0x00000000a3700000)
 Metaspace       used 25843K, capacity 26316K, committed 26624K, reserved 1073152K
  class space    used 3618K, capacity 3753K, committed 3840K, reserved 1048576K
}

