# JRE version: Java(TM) SE Runtime Environment (8.0_141-b15) (build 1.8.0_141-b15)
# Java VM: Java HotSpot(TM) 64-Bit Server VM (25.141-b15 mixed mode windows-amd64 compressed oops)
Heap:
 PSYoungGen      total 57856K, used 14720K [0x00000000e0000000, 0x00000000e6300000, 0x0000000100000000)
  eden space 48128K, 19% used [0x00000000e0000000,0x00000000e092b318,0x00000000e2f00000)
  from space 9728K, 54% used [0x00000000e2f00000,0x00000000e3434d10,0x00000000e3880000)
  to   space 9216K, 0% used [0x00000000e5a00000,0x00000000e5a00000,0x00000000e6300000)
 ParOldGen       total 47616K, used 8703K [0x00000000a0000000, 0x00000000a2e80000, 0x00000000e0000000)
  object space 47616K, 18% used [0x00000000a0000000,0x00000000a087fc08,0x00000000a2e80000)
 Metaspace       used 26247K, capacity 26628K, committed 26928K, reserved 1073152K
  class space    used 3684K, capacity 3806K, committed 3888K, reserved 1048576K
GC Heap History (10 events):
Event: 5.839 GC heap before
{Heap before GC invocations=4 (full 0):
 PSYoungGen      total 28672K, used 28664K [0x00000000e0000000, 0x00000000e2000000, 0x0000000100000000)
  eden space 24576K, 100% used [0x00000000e0000000,0x00000000e1800000,0x00000000e1800000)
  from space 4096K, 99% used [0x00000000e1800000,0x00000000e1bfe208,0x00000000e1c00000)
  to   space 4096K, 0% used [0x00000000e1c00000,0x00000000e1c00000,0x00000000e2000000)
 ParOldGen       total 65536K, used 1646K [0x00000000a0000000, 0x00000000a4000000, 0x00000000e0000000)
  object space 65536K, 2% used [0x00000000a0000000,0x00000000a019ba08,0x00000000a4000000)
 Metaspace       used 14414K, capacity 14732K, committed 15104K, reserved 1062912K
  class space    used 2059K, capacity 2180K, committed 2304K, reserved 1048576K
Event: 5.879 GC heap after
Heap after GC invocations=4 (full 0):
 PSYoungGen      total 28672K, used 4064K [0x00000000e0000000, 0x00000000e3800000, 0x0000000100000000)
  eden space 24576K, 0% used [0x00000000e0000000,0x00000000e0000000,0x00000000e1800000)
  from space 4096K, 99% used [0x00000000e1c00000,0x00000000e1ff8020,0x00000000e2000000)
  to   space 4096K, 0% used [0x00000000e1800000,0x00000000e1800000,0x00000000e1c00000)
 ParOldGen       total 65536K, used 3987K [0x00000000a0000000, 0x00000000a4000000, 0x00000000e0000000)
  object space 65536K, 6% used [0x00000000a0000000,0x00000000a03e4c80,0x00000000a4000000)
 Metaspace       used 14414K, capacity 14732K, committed 15104K, reserved 1062912K
  class space    used 2059K, capacity 2180K, committed 2304K, reserved 1048576K
}
Event: 6.766 GC heap before
{Heap before GC invocations=5 (full 0):
 PSYoungGen      total 28672K, used 28640K [0x00000000e0000000, 0x00000000e3800000, 0x0000000100000000)
  eden space 24576K, 100% used [0x00000000e0000000,0x00000000e1800000,0x00000000e1800000)
  from space 4096K, 99% used [0x00000000e1c00000,0x00000000e1ff8020,0x00000000e2000000)
  to   space 4096K, 0% used [0x00000000e1800000,0x00000000e1800000,0x00000000e1c00000)
 ParOldGen       total 65536K, used 3987K [0x00000000a0000000, 0x00000000a4000000, 0x00000000e0000000)
  object space 65536K, 6% used [0x00000000a0000000,0x00000000a03e4c80,0x00000000a4000000)
 Metaspace       used 16735K, capacity 17100K, committed 17280K, reserved 1064960K
  class space    used 2447K, capacity 2564K, committed 2688K, reserved 1048576K
Event: 6.780 GC heap after
Heap after GC invocations=5 (full 0):
 PSYoungGen      total 28672K, used 4080K [0x00000000e0000000, 0x00000000e4100000, 0x0000000100000000)
  eden space 24576K, 0% used [0x00000000e0000000,0x00000000e0000000,0x00000000e1800000)
  from space 4096K, 99% used [0x00000000e1800000,0x00000000e1bfc010,0x00000000e1c00000)
  to   space 8704K, 0% used [0x00000000e3880000,0x00000000e3880000,0x00000000e4100000)
 ParOldGen       total 65536K, used 6985K [0x00000000a0000000, 0x00000000a4000000, 0x00000000e0000000)
  object space 65536K, 10% used [0x00000000a0000000,0x00000000a06d24f0,0x00000000a4000000)
 Metaspace       used 16735K, capacity 17100K, committed 17280K, reserved 1064960K
  class space    used 2447K, capacity 2564K, committed 2688K, reserved 1048576K
}
Event: 7.452 GC heap before
{Heap before GC invocations=6 (full 0):
 PSYoungGen      total 28672K, used 25861K [0x00000000e0000000, 0x00000000e4100000, 0x0000000100000000)
  eden space 24576K, 88% used [0x00000000e0000000,0x00000000e1545798,0x00000000e1800000)
  from space 4096K, 99% used [0x00000000e1800000,0x00000000e1bfc010,0x00000000e1c00000)
  to   space 8704K, 0% used [0x00000000e3880000,0x00000000e3880000,0x00000000e4100000)
 ParOldGen       total 65536K, used 6985K [0x00000000a0000000, 0x00000000a4000000, 0x00000000e0000000)
  object space 65536K, 10% used [0x00000000a0000000,0x00000000a06d24f0,0x00000000a4000000)
 Metaspace       used 20816K, capacity 21194K, committed 21296K, reserved 1067008K
  class space    used 2968K, capacity 3113K, committed 3120K, reserved 1048576K
Event: 7.469 GC heap after
Heap after GC invocations=6 (full 0):
 PSYoungGen      total 56832K, used 7843K [0x00000000e0000000, 0x00000000e4300000, 0x0000000100000000)
  eden space 48128K, 0% used [0x00000000e0000000,0x00000000e0000000,0x00000000e2f00000)
  from space 8704K, 90% used [0x00000000e3880000,0x00000000e4028f38,0x00000000e4100000)
  to   space 9728K, 0% used [0x00000000e2f00000,0x00000000e2f00000,0x00000000e3880000)
 ParOldGen       total 65536K, used 6993K [0x00000000a0000000, 0x00000000a4000000, 0x00000000e0000000)
  object space 65536K, 10% used [0x00000000a0000000,0x00000000a06d44f0,0x00000000a4000000)
 Metaspace       used 20816K, capacity 21194K, committed 21296K, reserved 1067008K
  class space    used 2968K, capacity 3113K, committed 3120K, reserved 1048576K
}
Event: 7.469 GC heap before
{Heap before GC invocations=7 (full 1):
 PSYoungGen      total 56832K, used 7843K [0x00000000e0000000, 0x00000000e4300000, 0x0000000100000000)
  eden space 48128K, 0% used [0x00000000e0000000,0x00000000e0000000,0x00000000e2f00000)
  from space 8704K, 90% used [0x00000000e3880000,0x00000000e4028f38,0x00000000e4100000)
  to   space 9728K, 0% used [0x00000000e2f00000,0x00000000e2f00000,0x00000000e3880000)
 ParOldGen       total 65536K, used 6993K [0x00000000a0000000, 0x00000000a4000000, 0x00000000e0000000)
  object space 65536K, 10% used [0x00000000a0000000,0x00000000a06d44f0,0x00000000a4000000)
 Metaspace       used 20816K, capacity 21194K, committed 21296K, reserved 1067008K
  class space    used 2968K, capacity 3113K, committed 3120K, reserved 1048576K
Event: 7.550 GC heap after
Heap after GC invocations=7 (full 1):
 PSYoungGen      total 56832K, used 0K [0x00000000e0000000, 0x00000000e4300000, 0x0000000100000000)
  eden space 48128K, 0% used [0x00000000e0000000,0x00000000e0000000,0x00000000e2f00000)
  from space 8704K, 0% used [0x00000000e3880000,0x00000000e3880000,0x00000000e4100000)
  to   space 9728K, 0% used [0x00000000e2f00000,0x00000000e2f00000,0x00000000e3880000)
 ParOldGen       total 47616K, used 8703K [0x00000000a0000000, 0x00000000a2e80000, 0x00000000e0000000)
  object space 47616K, 18% used [0x00000000a0000000,0x00000000a087fc08,0x00000000a2e80000)
 Metaspace       used 20816K, capacity 21194K, committed 21296K, reserved 1067008K
  class space    used 2968K, capacity 3113K, committed 3120K, reserved 1048576K
}
Event: 9.450 GC heap before
{Heap before GC invocations=8 (full 1):
 PSYoungGen      total 56832K, used 48128K [0x00000000e0000000, 0x00000000e4300000, 0x0000000100000000)
  eden space 48128K, 100% used [0x00000000e0000000,0x00000000e2f00000,0x00000000e2f00000)
  from space 8704K, 0% used [0x00000000e3880000,0x00000000e3880000,0x00000000e4100000)
  to   space 9728K, 0% used [0x00000000e2f00000,0x00000000e2f00000,0x00000000e3880000)
 ParOldGen       total 47616K, used 8703K [0x00000000a0000000, 0x00000000a2e80000, 0x00000000e0000000)
  object space 47616K, 18% used [0x00000000a0000000,0x00000000a087fc08,0x00000000a2e80000)
 Metaspace       used 25667K, capacity 26092K, committed 26288K, reserved 1071104K
  class space    used 3595K, capacity 3734K, committed 3760K, reserved 1048576K
Event: 9.575 GC heap after
Heap after GC invocations=8 (full 1):
 PSYoungGen      total 57856K, used 5331K [0x00000000e0000000, 0x00000000e6300000, 0x0000000100000000)
  eden space 48128K, 0% used [0x00000000e0000000,0x00000000e0000000,0x00000000e2f00000)
  from space 9728K, 54% used [0x00000000e2f00000,0x00000000e3434d10,0x00000000e3880000)
  to   space 9216K, 0% used [0x00000000e5a00000,0x00000000e5a00000,0x00000000e6300000)
 ParOldGen       total 47616K, used 8703K [0x00000000a0000000, 0x00000000a2e80000, 0x00000000e0000000)
  object space 47616K, 18% used [0x00000000a0000000,0x00000000a087fc08,0x00000000a2e80000)
 Metaspace       used 25667K, capacity 26092K, committed 26288K, reserved 1071104K
  class space    used 3595K, capacity 3734K, committed 3760K, reserved 1048576K
}

