# JRE version: Java(TM) SE Runtime Environment (8.0_141-b15) (build 1.8.0_141-b15)
# Java VM: Java HotSpot(TM) 64-Bit Server VM (25.141-b15 mixed mode windows-amd64 compressed oops)
Heap:
 PSYoungGen      total 86016K, used 26267K [0x00000000e0000000, 0x00000000e5d00000, 0x0000000100000000)
  eden space 76800K, 25% used [0x00000000e0000000,0x00000000e1350660,0x00000000e4b00000)
  from space 9216K, 70% used [0x00000000e5400000,0x00000000e5a566f8,0x00000000e5d00000)
  to   space 9216K, 0% used [0x00000000e4b00000,0x00000000e4b00000,0x00000000e5400000)
 ParOldGen       total 47616K, used 8576K [0x00000000a0000000, 0x00000000a2e80000, 0x00000000e0000000)
  object space 47616K, 18% used [0x00000000a0000000,0x00000000a0860370,0x00000000a2e80000)
 Metaspace       used 29377K, capacity 29840K, committed 30080K, reserved 1075200K
  class space    used 4213K, capacity 4373K, committed 4480K, reserved 1048576K
GC Heap History (10 events):
Event: 5.083 GC heap before
{Heap before GC invocations=5 (full 0):
 PSYoungGen      total 28672K, used 28656K [0x00000000e0000000, 0x00000000e3800000, 0x0000000100000000)
  eden space 24576K, 100% used [0x00000000e0000000,0x00000000e1800000,0x00000000e1800000)
  from space 4096K, 99% used [0x00000000e1c00000,0x00000000e1ffc030,0x00000000e2000000)
  to   space 4096K, 0% used [0x00000000e1800000,0x00000000e1800000,0x00000000e1c00000)
 ParOldGen       total 65536K, used 4107K [0x00000000a0000000, 0x00000000a4000000, 0x00000000e0000000)
  object space 65536K, 6% used [0x00000000a0000000,0x00000000a0402d60,0x00000000a4000000)
 Metaspace       used 16778K, capacity 17142K, committed 17280K, reserved 1064960K
  class space    used 2454K, capacity 2571K, committed 2688K, reserved 1048576K
Event: 5.101 GC heap after
Heap after GC invocations=5 (full 0):
 PSYoungGen      total 28672K, used 4064K [0x00000000e0000000, 0x00000000e4100000, 0x0000000100000000)
  eden space 24576K, 0% used [0x00000000e0000000,0x00000000e0000000,0x00000000e1800000)
  from space 4096K, 99% used [0x00000000e1800000,0x00000000e1bf8020,0x00000000e1c00000)
  to   space 8704K, 0% used [0x00000000e3880000,0x00000000e3880000,0x00000000e4100000)
 ParOldGen       total 65536K, used 7154K [0x00000000a0000000, 0x00000000a4000000, 0x00000000e0000000)
  object space 65536K, 10% used [0x00000000a0000000,0x00000000a06fcad0,0x00000000a4000000)
 Metaspace       used 16778K, capacity 17142K, committed 17280K, reserved 1064960K
  class space    used 2454K, capacity 2571K, committed 2688K, reserved 1048576K
}
Event: 5.791 GC heap before
{Heap before GC invocations=6 (full 0):
 PSYoungGen      total 28672K, used 25961K [0x00000000e0000000, 0x00000000e4100000, 0x0000000100000000)
  eden space 24576K, 89% used [0x00000000e0000000,0x00000000e1562790,0x00000000e1800000)
  from space 4096K, 99% used [0x00000000e1800000,0x00000000e1bf8020,0x00000000e1c00000)
  to   space 8704K, 0% used [0x00000000e3880000,0x00000000e3880000,0x00000000e4100000)
 ParOldGen       total 65536K, used 7154K [0x00000000a0000000, 0x00000000a4000000, 0x00000000e0000000)
  object space 65536K, 10% used [0x00000000a0000000,0x00000000a06fcad0,0x00000000a4000000)
 Metaspace       used 20777K, capacity 21168K, committed 21296K, reserved 1067008K
  class space    used 2970K, capacity 3134K, committed 3200K, reserved 1048576K
Event: 5.816 GC heap after
Heap after GC invocations=6 (full 0):
 PSYoungGen      total 56832K, used 7604K [0x00000000e0000000, 0x00000000e4300000, 0x0000000100000000)
  eden space 48128K, 0% used [0x00000000e0000000,0x00000000e0000000,0x00000000e2f00000)
  from space 8704K, 87% used [0x00000000e3880000,0x00000000e3fed128,0x00000000e4100000)
  to   space 9728K, 0% used [0x00000000e2f00000,0x00000000e2f00000,0x00000000e3880000)
 ParOldGen       total 65536K, used 7162K [0x00000000a0000000, 0x00000000a4000000, 0x00000000e0000000)
  object space 65536K, 10% used [0x00000000a0000000,0x00000000a06fead0,0x00000000a4000000)
 Metaspace       used 20777K, capacity 21168K, committed 21296K, reserved 1067008K
  class space    used 2970K, capacity 3134K, committed 3200K, reserved 1048576K
}
Event: 5.816 GC heap before
{Heap before GC invocations=7 (full 1):
 PSYoungGen      total 56832K, used 7604K [0x00000000e0000000, 0x00000000e4300000, 0x0000000100000000)
  eden space 48128K, 0% used [0x00000000e0000000,0x00000000e0000000,0x00000000e2f00000)
  from space 8704K, 87% used [0x00000000e3880000,0x00000000e3fed128,0x00000000e4100000)
  to   space 9728K, 0% used [0x00000000e2f00000,0x00000000e2f00000,0x00000000e3880000)
 ParOldGen       total 65536K, used 7162K [0x00000000a0000000, 0x00000000a4000000, 0x00000000e0000000)
  object space 65536K, 10% used [0x00000000a0000000,0x00000000a06fead0,0x00000000a4000000)
 Metaspace       used 20777K, capacity 21168K, committed 21296K, reserved 1067008K
  class space    used 2970K, capacity 3134K, committed 3200K, reserved 1048576K
Event: 5.898 GC heap after
Heap after GC invocations=7 (full 1):
 PSYoungGen      total 56832K, used 0K [0x00000000e0000000, 0x00000000e4300000, 0x0000000100000000)
  eden space 48128K, 0% used [0x00000000e0000000,0x00000000e0000000,0x00000000e2f00000)
  from space 8704K, 0% used [0x00000000e3880000,0x00000000e3880000,0x00000000e4100000)
  to   space 9728K, 0% used [0x00000000e2f00000,0x00000000e2f00000,0x00000000e3880000)
 ParOldGen       total 47616K, used 8560K [0x00000000a0000000, 0x00000000a2e80000, 0x00000000e0000000)
  object space 47616K, 17% used [0x00000000a0000000,0x00000000a085c370,0x00000000a2e80000)
 Metaspace       used 20777K, capacity 21168K, committed 21296K, reserved 1067008K
  class space    used 2970K, capacity 3134K, committed 3200K, reserved 1048576K
}
Event: 7.191 GC heap before
{Heap before GC invocations=8 (full 1):
 PSYoungGen      total 56832K, used 48128K [0x00000000e0000000, 0x00000000e4300000, 0x0000000100000000)
  eden space 48128K, 100% used [0x00000000e0000000,0x00000000e2f00000,0x00000000e2f00000)
  from space 8704K, 0% used [0x00000000e3880000,0x00000000e3880000,0x00000000e4100000)
  to   space 9728K, 0% used [0x00000000e2f00000,0x00000000e2f00000,0x00000000e3880000)
 ParOldGen       total 47616K, used 8560K [0x00000000a0000000, 0x00000000a2e80000, 0x00000000e0000000)
  object space 47616K, 17% used [0x00000000a0000000,0x00000000a085c370,0x00000000a2e80000)
 Metaspace       used 25767K, capacity 26214K, committed 26368K, reserved 1071104K
  class space    used 3603K, capacity 3720K, committed 3840K, reserved 1048576K
Event: 7.218 GC heap after
Heap after GC invocations=8 (full 1):
 PSYoungGen      total 57856K, used 5777K [0x00000000e0000000, 0x00000000e5d00000, 0x0000000100000000)
  eden space 48128K, 0% used [0x00000000e0000000,0x00000000e0000000,0x00000000e2f00000)
  from space 9728K, 59% used [0x00000000e2f00000,0x00000000e34a46f0,0x00000000e3880000)
  to   space 9216K, 0% used [0x00000000e5400000,0x00000000e5400000,0x00000000e5d00000)
 ParOldGen       total 47616K, used 8568K [0x00000000a0000000, 0x00000000a2e80000, 0x00000000e0000000)
  object space 47616K, 17% used [0x00000000a0000000,0x00000000a085e370,0x00000000a2e80000)
 Metaspace       used 25767K, capacity 26214K, committed 26368K, reserved 1071104K
  class space    used 3603K, capacity 3720K, committed 3840K, reserved 1048576K
}
Event: 8.069 GC heap before
{Heap before GC invocations=9 (full 1):
 PSYoungGen      total 57856K, used 53905K [0x00000000e0000000, 0x00000000e5d00000, 0x0000000100000000)
  eden space 48128K, 100% used [0x00000000e0000000,0x00000000e2f00000,0x00000000e2f00000)
  from space 9728K, 59% used [0x00000000e2f00000,0x00000000e34a46f0,0x00000000e3880000)
  to   space 9216K, 0% used [0x00000000e5400000,0x00000000e5400000,0x00000000e5d00000)
 ParOldGen       total 47616K, used 8568K [0x00000000a0000000, 0x00000000a2e80000, 0x00000000e0000000)
  object space 47616K, 17% used [0x00000000a0000000,0x00000000a085e370,0x00000000a2e80000)
 Metaspace       used 28497K, capacity 28944K, committed 29184K, reserved 1075200K
  class space    used 4086K, capacity 4245K, committed 4352K, reserved 1048576K
Event: 8.086 GC heap after
Heap after GC invocations=9 (full 1):
 PSYoungGen      total 86016K, used 6489K [0x00000000e0000000, 0x00000000e5d00000, 0x0000000100000000)
  eden space 76800K, 0% used [0x00000000e0000000,0x00000000e0000000,0x00000000e4b00000)
  from space 9216K, 70% used [0x00000000e5400000,0x00000000e5a566f8,0x00000000e5d00000)
  to   space 9216K, 0% used [0x00000000e4b00000,0x00000000e4b00000,0x00000000e5400000)
 ParOldGen       total 47616K, used 8576K [0x00000000a0000000, 0x00000000a2e80000, 0x00000000e0000000)
  object space 47616K, 18% used [0x00000000a0000000,0x00000000a0860370,0x00000000a2e80000)
 Metaspace       used 28497K, capacity 28944K, committed 29184K, reserved 1075200K
  class space    used 4086K, capacity 4245K, committed 4352K, reserved 1048576K
}

