# JRE version: Java(TM) SE Runtime Environment (8.0_141-b15) (build 1.8.0_141-b15)
# Java VM: Java HotSpot(TM) 64-Bit Server VM (25.141-b15 mixed mode windows-amd64 compressed oops)
Heap:
 PSYoungGen      total 57856K, used 23556K [0x00000000e0000000, 0x00000000e5600000, 0x0000000100000000)
  eden space 48128K, 36% used [0x00000000e0000000,0x00000000e1159ed0,0x00000000e2f00000)
  from space 9728K, 59% used [0x00000000e2f00000,0x00000000e34a7240,0x00000000e3880000)
  to   space 9216K, 0% used [0x00000000e4d00000,0x00000000e4d00000,0x00000000e5600000)
 ParOldGen       total 50688K, used 8561K [0x00000000a0000000, 0x00000000a3180000, 0x00000000e0000000)
  object space 50688K, 16% used [0x00000000a0000000,0x00000000a085c420,0x00000000a3180000)
 Metaspace       used 26689K, capacity 27210K, committed 27264K, reserved 1073152K
  class space    used 3768K, capacity 3923K, committed 3968K, reserved 1048576K
GC Heap History (10 events):
Event: 5.371 GC heap before
{Heap before GC invocations=4 (full 0):
 PSYoungGen      total 28672K, used 28664K [0x00000000e0000000, 0x00000000e2000000, 0x0000000100000000)
  eden space 24576K, 100% used [0x00000000e0000000,0x00000000e1800000,0x00000000e1800000)
  from space 4096K, 99% used [0x00000000e1800000,0x00000000e1bfe228,0x00000000e1c00000)
  to   space 4096K, 0% used [0x00000000e1c00000,0x00000000e1c00000,0x00000000e2000000)
 ParOldGen       total 65536K, used 1693K [0x00000000a0000000, 0x00000000a4000000, 0x00000000e0000000)
  object space 65536K, 2% used [0x00000000a0000000,0x00000000a01a74c8,0x00000000a4000000)
 Metaspace       used 14415K, capacity 14710K, committed 14848K, reserved 1062912K
  class space    used 2058K, capacity 2187K, committed 2304K, reserved 1048576K
Event: 5.386 GC heap after
Heap after GC invocations=4 (full 0):
 PSYoungGen      total 28672K, used 4080K [0x00000000e0000000, 0x00000000e2000000, 0x0000000100000000)
  eden space 24576K, 0% used [0x00000000e0000000,0x00000000e0000000,0x00000000e1800000)
  from space 4096K, 99% used [0x00000000e1c00000,0x00000000e1ffc050,0x00000000e2000000)
  to   space 4096K, 0% used [0x00000000e1800000,0x00000000e1800000,0x00000000e1c00000)
 ParOldGen       total 65536K, used 4045K [0x00000000a0000000, 0x00000000a4000000, 0x00000000e0000000)
  object space 65536K, 6% used [0x00000000a0000000,0x00000000a03f37b8,0x00000000a4000000)
 Metaspace       used 14415K, capacity 14710K, committed 14848K, reserved 1062912K
  class space    used 2058K, capacity 2187K, committed 2304K, reserved 1048576K
}
Event: 6.570 GC heap before
{Heap before GC invocations=5 (full 0):
 PSYoungGen      total 28672K, used 28656K [0x00000000e0000000, 0x00000000e2000000, 0x0000000100000000)
  eden space 24576K, 100% used [0x00000000e0000000,0x00000000e1800000,0x00000000e1800000)
  from space 4096K, 99% used [0x00000000e1c00000,0x00000000e1ffc050,0x00000000e2000000)
  to   space 4096K, 0% used [0x00000000e1800000,0x00000000e1800000,0x00000000e1c00000)
 ParOldGen       total 65536K, used 4045K [0x00000000a0000000, 0x00000000a4000000, 0x00000000e0000000)
  object space 65536K, 6% used [0x00000000a0000000,0x00000000a03f37b8,0x00000000a4000000)
 Metaspace       used 16784K, capacity 17142K, committed 17280K, reserved 1064960K
  class space    used 2453K, capacity 2571K, committed 2688K, reserved 1048576K
Event: 6.589 GC heap after
Heap after GC invocations=5 (full 0):
 PSYoungGen      total 28672K, used 4064K [0x00000000e0000000, 0x00000000e4100000, 0x0000000100000000)
  eden space 24576K, 0% used [0x00000000e0000000,0x00000000e0000000,0x00000000e1800000)
  from space 4096K, 99% used [0x00000000e1800000,0x00000000e1bf8020,0x00000000e1c00000)
  to   space 8704K, 0% used [0x00000000e3880000,0x00000000e3880000,0x00000000e4100000)
 ParOldGen       total 65536K, used 7087K [0x00000000a0000000, 0x00000000a4000000, 0x00000000e0000000)
  object space 65536K, 10% used [0x00000000a0000000,0x00000000a06ebcf8,0x00000000a4000000)
 Metaspace       used 16784K, capacity 17142K, committed 17280K, reserved 1064960K
  class space    used 2453K, capacity 2571K, committed 2688K, reserved 1048576K
}
Event: 8.246 GC heap before
{Heap before GC invocations=6 (full 0):
 PSYoungGen      total 28672K, used 26030K [0x00000000e0000000, 0x00000000e4100000, 0x0000000100000000)
  eden space 24576K, 89% used [0x00000000e0000000,0x00000000e1573938,0x00000000e1800000)
  from space 4096K, 99% used [0x00000000e1800000,0x00000000e1bf8020,0x00000000e1c00000)
  to   space 8704K, 0% used [0x00000000e3880000,0x00000000e3880000,0x00000000e4100000)
 ParOldGen       total 65536K, used 7087K [0x00000000a0000000, 0x00000000a4000000, 0x00000000e0000000)
  object space 65536K, 10% used [0x00000000a0000000,0x00000000a06ebcf8,0x00000000a4000000)
 Metaspace       used 20771K, capacity 21168K, committed 21296K, reserved 1067008K
  class space    used 2968K, capacity 3134K, committed 3200K, reserved 1048576K
Event: 8.273 GC heap after
Heap after GC invocations=6 (full 0):
 PSYoungGen      total 56832K, used 7652K [0x00000000e0000000, 0x00000000e4300000, 0x0000000100000000)
  eden space 48128K, 0% used [0x00000000e0000000,0x00000000e0000000,0x00000000e2f00000)
  from space 8704K, 87% used [0x00000000e3880000,0x00000000e3ff91b8,0x00000000e4100000)
  to   space 9728K, 0% used [0x00000000e2f00000,0x00000000e2f00000,0x00000000e3880000)
 ParOldGen       total 65536K, used 7095K [0x00000000a0000000, 0x00000000a4000000, 0x00000000e0000000)
  object space 65536K, 10% used [0x00000000a0000000,0x00000000a06edcf8,0x00000000a4000000)
 Metaspace       used 20771K, capacity 21168K, committed 21296K, reserved 1067008K
  class space    used 2968K, capacity 3134K, committed 3200K, reserved 1048576K
}
Event: 8.273 GC heap before
{Heap before GC invocations=7 (full 1):
 PSYoungGen      total 56832K, used 7652K [0x00000000e0000000, 0x00000000e4300000, 0x0000000100000000)
  eden space 48128K, 0% used [0x00000000e0000000,0x00000000e0000000,0x00000000e2f00000)
  from space 8704K, 87% used [0x00000000e3880000,0x00000000e3ff91b8,0x00000000e4100000)
  to   space 9728K, 0% used [0x00000000e2f00000,0x00000000e2f00000,0x00000000e3880000)
 ParOldGen       total 65536K, used 7095K [0x00000000a0000000, 0x00000000a4000000, 0x00000000e0000000)
  object space 65536K, 10% used [0x00000000a0000000,0x00000000a06edcf8,0x00000000a4000000)
 Metaspace       used 20771K, capacity 21168K, committed 21296K, reserved 1067008K
  class space    used 2968K, capacity 3134K, committed 3200K, reserved 1048576K
Event: 8.388 GC heap after
Heap after GC invocations=7 (full 1):
 PSYoungGen      total 56832K, used 0K [0x00000000e0000000, 0x00000000e4300000, 0x0000000100000000)
  eden space 48128K, 0% used [0x00000000e0000000,0x00000000e0000000,0x00000000e2f00000)
  from space 8704K, 0% used [0x00000000e3880000,0x00000000e3880000,0x00000000e4100000)
  to   space 9728K, 0% used [0x00000000e2f00000,0x00000000e2f00000,0x00000000e3880000)
 ParOldGen       total 50688K, used 8553K [0x00000000a0000000, 0x00000000a3180000, 0x00000000e0000000)
  object space 50688K, 16% used [0x00000000a0000000,0x00000000a085a420,0x00000000a3180000)
 Metaspace       used 20771K, capacity 21168K, committed 21296K, reserved 1067008K
  class space    used 2968K, capacity 3134K, committed 3200K, reserved 1048576K
}
Event: 10.289 GC heap before
{Heap before GC invocations=8 (full 1):
 PSYoungGen      total 56832K, used 48128K [0x00000000e0000000, 0x00000000e4300000, 0x0000000100000000)
  eden space 48128K, 100% used [0x00000000e0000000,0x00000000e2f00000,0x00000000e2f00000)
  from space 8704K, 0% used [0x00000000e3880000,0x00000000e3880000,0x00000000e4100000)
  to   space 9728K, 0% used [0x00000000e2f00000,0x00000000e2f00000,0x00000000e3880000)
 ParOldGen       total 50688K, used 8553K [0x00000000a0000000, 0x00000000a3180000, 0x00000000e0000000)
  object space 50688K, 16% used [0x00000000a0000000,0x00000000a085a420,0x00000000a3180000)
 Metaspace       used 25776K, capacity 26214K, committed 26368K, reserved 1071104K
  class space    used 3604K, capacity 3720K, committed 3840K, reserved 1048576K
Event: 10.303 GC heap after
Heap after GC invocations=8 (full 1):
 PSYoungGen      total 57856K, used 5788K [0x00000000e0000000, 0x00000000e5600000, 0x0000000100000000)
  eden space 48128K, 0% used [0x00000000e0000000,0x00000000e0000000,0x00000000e2f00000)
  from space 9728K, 59% used [0x00000000e2f00000,0x00000000e34a7240,0x00000000e3880000)
  to   space 9216K, 0% used [0x00000000e4d00000,0x00000000e4d00000,0x00000000e5600000)
 ParOldGen       total 50688K, used 8561K [0x00000000a0000000, 0x00000000a3180000, 0x00000000e0000000)
  object space 50688K, 16% used [0x00000000a0000000,0x00000000a085c420,0x00000000a3180000)
 Metaspace       used 25776K, capacity 26214K, committed 26368K, reserved 1071104K
  class space    used 3604K, capacity 3720K, committed 3840K, reserved 1048576K
}

